[debug] [2023-01-11T14:05:53.911Z] ----------------------------------------------------------------------
[debug] [2023-01-11T14:05:53.914Z] Command:       C:\Program Files\nodejs\node.exe C:\Users\USER\AppData\Roaming\npm\node_modules\firebase-tools\lib\bin\firebase.js init
[debug] [2023-01-11T14:05:53.915Z] CLI Version:   11.20.0
[debug] [2023-01-11T14:05:53.915Z] Platform:      win32
[debug] [2023-01-11T14:05:53.915Z] Node Version:  v18.12.0
[debug] [2023-01-11T14:05:53.917Z] Time:          Wed Jan 11 2023 20:05:53 GMT+0600 (Bangladesh Standard Time)
[debug] [2023-01-11T14:05:53.917Z] ----------------------------------------------------------------------
[debug] 
[debug] [2023-01-11T14:05:54.056Z] > command requires scopes: ["email","openid","https://www.googleapis.com/auth/cloudplatformprojects.readonly","https://www.googleapis.com/auth/firebase","https://www.googleapis.com/auth/cloud-platform"]
[debug] [2023-01-11T14:05:54.057Z] > authorizing via signed-in user (coachaloka@gmail.com)
[info] 
     ######## #### ########  ######## ########     ###     ######  ########
     ##        ##  ##     ## ##       ##     ##  ##   ##  ##       ##
     ######    ##  ########  ######   ########  #########  ######  ######
     ##        ##  ##    ##  ##       ##     ## ##     ##       ## ##
     ##       #### ##     ## ######## ########  ##     ##  ######  ########

You're about to initialize a Firebase project in this directory:

  G:\Projects\assign-12-draft\assignement-12\my-used-car-client

Before we get started, keep in mind:

  * You are initializing within an existing Firebase project directory

[debug] [2023-01-11T14:07:42.863Z] ----------------------------------------------------------------------
[debug] [2023-01-11T14:07:42.867Z] Command:       C:\Program Files\nodejs\node.exe C:\Users\USER\AppData\Roaming\npm\node_modules\firebase-tools\lib\bin\firebase.js init
[debug] [2023-01-11T14:07:42.868Z] CLI Version:   11.20.0
[debug] [2023-01-11T14:07:42.868Z] Platform:      win32
[debug] [2023-01-11T14:07:42.868Z] Node Version:  v18.12.0
[debug] [2023-01-11T14:07:42.870Z] Time:          Wed Jan 11 2023 20:07:42 GMT+0600 (Bangladesh Standard Time)
[debug] [2023-01-11T14:07:42.870Z] ----------------------------------------------------------------------
[debug] 
[debug] [2023-01-11T14:07:43.029Z] > command requires scopes: ["email","openid","https://www.googleapis.com/auth/cloudplatformprojects.readonly","https://www.googleapis.com/auth/firebase","https://www.googleapis.com/auth/cloud-platform"]
[debug] [2023-01-11T14:07:43.030Z] > authorizing via signed-in user (coachaloka@gmail.com)
[info] 
     ######## #### ########  ######## ########     ###     ######  ########
     ##        ##  ##     ## ##       ##     ##  ##   ##  ##       ##
     ######    ##  ########  ######   ########  #########  ######  ######
     ##        ##  ##    ##  ##       ##     ## ##     ##       ## ##
     ##       #### ##     ## ######## ########  ##     ##  ######  ########

You're about to initialize a Firebase project in this directory:

  G:\Projects\assign-12-draft\assignement-12\my-used-car-client

Before we get started, keep in mind:

  * You are initializing within an existing Firebase project directory

[info] 
=== Project Setup
[info] 
[info] First, let's associate this project directory with a Firebase project.
[info] You can create multiple project aliases by running firebase use --add, 
[info] but for now we'll just set up a default project.
[info] 
[debug] [2023-01-11T14:07:52.060Z] Using project from CLI flag: ndhand-seller
[debug] [2023-01-11T14:07:52.066Z] >>> [apiv2][query] GET https://firebase.googleapis.com/v1beta1/projects/ndhand-seller [none]
[debug] [2023-01-11T14:07:52.936Z] <<< [apiv2][status] GET https://firebase.googleapis.com/v1beta1/projects/ndhand-seller 403
[debug] [2023-01-11T14:07:52.936Z] <<< [apiv2][body] GET https://firebase.googleapis.com/v1beta1/projects/ndhand-seller {"error":{"code":403,"message":"The caller does not have permission","status":"PERMISSION_DENIED"}}
[debug] [2023-01-11T14:07:52.937Z] HTTP Error: 403, The caller does not have permission
[debug] [2023-01-11T14:07:53.243Z] FirebaseError: HTTP Error: 403, The caller does not have permission
    at responseToError (C:\Users\USER\AppData\Roaming\npm\node_modules\firebase-tools\lib\responseToError.js:49:12)
    at RetryOperation._fn (C:\Users\USER\AppData\Roaming\npm\node_modules\firebase-tools\lib\apiv2.js:288:77)
    at process.processTicksAndRejections (node:internal/process/task_queues:95:5)
[error] 
[error] Error: Failed to get Firebase project ndhand-seller. Please make sure the project exists and your account has permission to access it.
